============================= test session starts ==============================
platform darwin -- Python 3.12.13, pytest-9.0.3, pluggy-1.6.0 -- /Users/hrinnova-path.com/Desktop/git/wbl-backend/venv/bin/python3.12
cachedir: .pytest_cache
rootdir: /Users/hrinnova-path.com/Desktop/git/wbl-backend
plugins: mock-3.15.1, asyncio-1.3.0, anyio-4.13.0
asyncio: mode=Mode.STRICT, debug=False, asyncio_default_fixture_loop_scope=None, asyncio_default_test_loop_scope=function
collecting ... collected 5 items

tests/test_auth.py::test_user_registration PASSED                        [ 20%]
tests/test_auth.py::test_user_login_success PASSED                       [ 40%]
tests/test_auth.py::test_user_login_invalid_credentials PASSED           [ 60%]
tests/test_dynamic_routes.py::test_enforce_permission_gates_across_all_routes PASSED [ 80%]
tests/test_redis_health.py::test_redis_health_endpoint PASSED            [100%]

======================== 5 passed, 68 warnings in 0.50s ========================
